!SESSION 2013-10-18 18:55:49.934 -----------------------------------------------
eclipse.buildId=unknown
java.version=1.7.0_25
java.vendor=Oracle Corporation
BootLoader constants: OS=win32, ARCH=x86_64, WS=win32, NL=en_US
Framework arguments:  -product megaman.product
Command-line arguments:  -product megaman.product -data C:\Users\ChrisLaptop\Desktop\ChrisLaptopOld\workspace5\megaman -dev file:C:/Users/ChrisLaptop/Desktop/ChrisLaptopOld/workspace5/.metadata/.plugins/org.eclipse.pde.core/megaman.product/dev.properties -os win32 -ws win32 -arch x86_64 -consoleLog

!ENTRY org.eclipse.equinox.app 0 0 2013-10-18 18:55:51.149
!MESSAGE Product megaman.product could not be found.

!ENTRY org.eclipse.osgi 4 0 2013-10-18 18:55:51.242
!MESSAGE Application error
!STACK 1
java.lang.RuntimeException: No application id has been found.
	at org.eclipse.equinox.internal.app.EclipseAppContainer.startDefaultApp(EclipseAppContainer.java:242)
	at org.eclipse.equinox.internal.app.MainApplicationLauncher.run(MainApplicationLauncher.java:29)
	at org.eclipse.core.runtime.internal.adaptor.EclipseAppLauncher.runApplication(EclipseAppLauncher.java:110)
	at org.eclipse.core.runtime.internal.adaptor.EclipseAppLauncher.start(EclipseAppLauncher.java:79)
	at org.eclipse.core.runtime.adaptor.EclipseStarter.run(EclipseStarter.java:354)
	at org.eclipse.core.runtime.adaptor.EclipseStarter.run(EclipseStarter.java:181)
	at sun.reflect.NativeMethodAccessorImpl.invoke0(Native Method)
	at sun.reflect.NativeMethodAccessorImpl.invoke(Unknown Source)
	at sun.reflect.DelegatingMethodAccessorImpl.invoke(Unknown Source)
	at java.lang.reflect.Method.invoke(Unknown Source)
	at org.eclipse.equinox.launcher.Main.invokeFramework(Main.java:636)
	at org.eclipse.equinox.launcher.Main.basicRun(Main.java:591)
	at org.eclipse.equinox.launcher.Main.run(Main.java:1450)
	at org.eclipse.equinox.launcher.Main.main(Main.java:1426)
